<?xml version="1.0" encoding="UTF-8"?>
<!-- Generated by org.testng.reporters.JUnitReportReporter -->
<testsuite hostname="LAPTOP-A221K0G3" failures="0" tests="1" name="search.TC_006Test" time="8.757" errors="0" timestamp="2023-02-01T12:04:18 IST" skipped="0">
  <testcase classname="search.TC_006Test" name="filterByPrice" time="8.757"/>
  <system-out>
Electronics page is displayed successfully Camera,photo page is displayed successfully The product is displayed displayed successfully under 500 price range  </system-out>
</testsuite> <!-- search.TC_006Test -->
