<?xml version="1.0" encoding="UTF-8"?>
<!-- Generated by org.testng.reporters.JUnitReportReporter -->
<testsuite hostname="LAPTOP-A221K0G3" failures="0" tests="1" name="search.TC_006" time="16.122" errors="0" timestamp="2023-01-23T11:51:50 IST" skipped="0">
  <testcase classname="search.TC_006" name="filterByPrice" time="16.122"/>
  <system-out>
Electronics page is displayed successfully Camera,photo page is displayed successfully The product is displayed displayed successfully under 500 price range  </system-out>
</testsuite> <!-- search.TC_006 -->
