<?xml version="1.0" encoding="UTF-8"?>
<!-- Generated by org.testng.reporters.JUnitReportReporter -->
<testsuite hostname="LAPTOP-A221K0G3" failures="0" tests="1" name="search.TC_010Test" time="7.057" errors="0" timestamp="2023-02-01T12:04:18 IST" skipped="0">
  <testcase classname="search.TC_010Test" name="addToTheProductToCart" time="7.057"/>
  <system-out>
Proper error message is displayed successfully  </system-out>
</testsuite> <!-- search.TC_010Test -->
