<?xml version="1.0" encoding="UTF-8"?>
<!-- Generated by org.testng.reporters.JUnitReportReporter -->
<testsuite hostname="LAPTOP-A221K0G3" failures="0" tests="1" name="search.TC_009" time="11.332" errors="0" timestamp="2023-01-23T11:51:50 IST" skipped="0">
  <testcase classname="search.TC_009" name="addToCart" time="11.332"/>
  <system-out>
Jewelry page is displayed successfully 4 product is displayed as per the selection  </system-out>
</testsuite> <!-- search.TC_009 -->
