<?xml version="1.0" encoding="UTF-8"?>
<!-- Generated by org.testng.reporters.JUnitReportReporter -->
<testsuite hostname="LAPTOP-A221K0G3" failures="0" tests="1" name="search.TC_005" time="9.222" errors="0" timestamp="2023-01-23T11:51:50 IST" skipped="0">
  <testcase classname="search.TC_005" name="placeholder" time="9.222"/>
  <system-out>
Placeholder is disappeared  </system-out>
</testsuite> <!-- search.TC_005 -->
