<?xml version="1.0" encoding="UTF-8"?>
<!-- Generated by org.testng.reporters.JUnitReportReporter -->
<testsuite hostname="LAPTOP-A221K0G3" failures="0" tests="1" name="search.TC_002" time="9.675" errors="0" timestamp="2023-01-23T11:51:50 IST" skipped="0">
  <testcase classname="search.TC_002" name="addToTheProductToCart" time="9.675"/>
  <system-out>
Product name is entered successfully Invalid products are not displayed  </system-out>
</testsuite> <!-- search.TC_002 -->
