<?xml version="1.0" encoding="UTF-8"?>
<!-- Generated by org.testng.reporters.JUnitReportReporter -->
<testsuite hostname="LAPTOP-A221K0G3" failures="0" tests="1" name="search.TC_001Test" time="14.452" errors="0" timestamp="2023-04-12T22:07:12 IST" skipped="0">
  <testcase classname="search.TC_001Test" name="addToTheProductToCart" time="14.452"/>
  <system-out>
searched product is displayed successfully  </system-out>
</testsuite> <!-- search.TC_001Test -->
