<?xml version="1.0" encoding="UTF-8"?>
<!-- Generated by org.testng.reporters.JUnitReportReporter -->
<testsuite hostname="LAPTOP-A221K0G3" failures="0" tests="1" name="search.TC_004Test" time="7.167" errors="0" timestamp="2023-02-01T11:45:07 IST" skipped="0">
  <testcase classname="search.TC_004Test" name="placeholder" time="7.167"/>
  <system-out>
Placeholder is displayed  </system-out>
</testsuite> <!-- search.TC_004Test -->
