<?xml version="1.0" encoding="UTF-8"?>
<!-- Generated by org.testng.reporters.JUnitReportReporter -->
<testsuite hostname="LAPTOP-A221K0G3" failures="0" tests="1" name="search.TC_008" time="12.781" errors="0" timestamp="2023-01-23T11:51:50 IST" skipped="0">
  <testcase classname="search.TC_008" name="addToCart" time="12.781"/>
  <system-out>
Cellphone page is displayed successfully The smartphone is added successfully to cart  </system-out>
</testsuite> <!-- search.TC_008 -->
