<?xml version="1.0" encoding="UTF-8"?>
<!-- Generated by org.testng.reporters.JUnitReportReporter -->
<testsuite hostname="LAPTOP-A221K0G3" failures="0" tests="1" name="search.TC_007" time="11.943" errors="0" timestamp="2023-01-23T11:51:50 IST" skipped="0">
  <testcase classname="search.TC_007" name="filterByPrice" time="11.943"/>
  <system-out>
Electronics page is displayed successfully Camera,photo page is displayed successfully The product is displayed successfully over 500 price range  </system-out>
</testsuite> <!-- search.TC_007 -->
