<?xml version="1.0" encoding="UTF-8"?>
<!-- Generated by org.testng.reporters.JUnitReportReporter -->
<testsuite hostname="LAPTOP-A221K0G3" failures="0" tests="1" name="search.TC_009Test" time="8.215" errors="0" timestamp="2023-02-01T12:04:18 IST" skipped="0">
  <testcase classname="search.TC_009Test" name="addToCart" time="8.215"/>
  <system-out>
Jewelry page is displayed successfully 4 product is displayed as per the selection  </system-out>
</testsuite> <!-- search.TC_009Test -->
