<?xml version="1.0" encoding="UTF-8"?>
<!-- Generated by org.testng.reporters.JUnitReportReporter -->
<testsuite hostname="LAPTOP-A221K0G3" failures="0" tests="1" name="search.TC_003Test" time="7.485" errors="0" timestamp="2023-02-01T11:45:07 IST" skipped="0">
  <testcase classname="search.TC_003Test" name="sortByDropDown" time="7.485"/>
  <system-out/>
</testsuite> <!-- search.TC_003Test -->
